[0805/002933:ERROR:process_info.cc(608)] range at 0x9a39322c00000000, size 0xf fully unreadable
[0805/002933:ERROR:process_info.cc(608)] range at 0x9a39328e00000000, size 0xf fully unreadable
[0805/002933:ERROR:process_info.cc(608)] range at 0x0, size 0xf fully unreadable
[0805/002933:WARNING:in_range_cast.h(38)] value 67011941378 out of range
[0805/002933:WARNING:in_range_cast.h(38)] value 67011939692 out of range
[0805/002933:WARNING:in_range_cast.h(38)] value 67011941418 out of range
[0805/035142:ERROR:process_info.cc(608)] range at 0x8d5733fa00000000, size 0xf2 fully unreadable
[0805/035142:ERROR:process_info.cc(608)] range at 0x8d57345c00000000, size 0xf2 fully unreadable
[0805/035142:ERROR:process_info.cc(608)] range at 0x0, size 0xf2 fully unreadable
[0805/035142:WARNING:in_range_cast.h(38)] value 1041753530558 out of range
[0805/035142:WARNING:in_range_cast.h(38)] value 1041753528550 out of range
[0805/035142:WARNING:in_range_cast.h(38)] value 1041753530598 out of range
[0805/035207:ERROR:process_info.cc(608)] range at 0x745733f800000000, size 0xd2 fully unreadable
[0805/035207:ERROR:process_info.cc(608)] range at 0x7457345a00000000, size 0xd2 fully unreadable
[0805/035207:ERROR:process_info.cc(608)] range at 0x0, size 0xd2 fully unreadable
[0805/035207:WARNING:in_range_cast.h(38)] value 903895206880 out of range
[0805/035207:WARNING:in_range_cast.h(38)] value 903895204872 out of range
[0805/035207:WARNING:in_range_cast.h(38)] value 903895206920 out of range
[0805/035233:ERROR:process_info.cc(608)] range at 0xc8ca33f800000000, size 0xbd fully unreadable
[0805/035233:ERROR:process_info.cc(608)] range at 0xc8ca345a00000000, size 0xbd fully unreadable
[0805/035233:ERROR:process_info.cc(608)] range at 0x0, size 0xbd fully unreadable
[0805/035233:WARNING:in_range_cast.h(38)] value 815117716448 out of range
[0805/035233:WARNING:in_range_cast.h(38)] value 815117714440 out of range
[0805/035233:WARNING:in_range_cast.h(38)] value 815117716488 out of range
[0805/040207:ERROR:process_info.cc(608)] range at 0xcf3f33fc00000000, size 0xbe fully unreadable
[0805/040207:ERROR:process_info.cc(608)] range at 0xcf3f345e00000000, size 0xbe fully unreadable
[0805/040207:ERROR:process_info.cc(608)] range at 0x0, size 0xbe fully unreadable
[0805/040207:WARNING:in_range_cast.h(38)] value 819520954560 out of range
[0805/040207:WARNING:in_range_cast.h(38)] value 819520952552 out of range
[0805/040207:WARNING:in_range_cast.h(38)] value 819520954600 out of range
